<?xml version="1.0" encoding="UTF-8"?>
<!-- Generated by org.testng.reporters.JUnitReportReporter -->
<testsuite skipped="0" hostname="LAPTOP-PJEODQG8" name="com.softalliance.qa.Selenium_gwen.RegisterNewUser" tests="1" failures="0" timestamp="2021-04-20T17:12:15 WAT" time="11.715" errors="0">
  <testcase name="newUser" time="11.715" classname="com.softalliance.qa.Selenium_gwen.RegisterNewUser"/>
  <system-out/>
</testsuite> <!-- com.softalliance.qa.Selenium_gwen.RegisterNewUser -->
