<?xml version="1.0" encoding="UTF-8"?>
<!-- Generated by org.testng.reporters.JUnitReportReporter -->
<testsuite hostname="IANKOH-PC" failures="0" tests="1" name="com.softalliance.qa.Selenium_gwen.AddReturnableProduct" time="31.966" errors="0" timestamp="2021-04-20T12:32:09 WAT" skipped="0">
  <testcase classname="com.softalliance.qa.Selenium_gwen.AddReturnableProduct" name="kashiar" time="31.966"/>
  <system-out/>
</testsuite> <!-- com.softalliance.qa.Selenium_gwen.AddReturnableProduct -->
