<?xml version="1.0" encoding="UTF-8"?>
<!-- Generated by org.testng.reporters.JUnitReportReporter -->
<testsuite hostname="IANKOH-PC" failures="0" tests="1" name="com.softalliance.qa.Selenium_gwen.addUnitOfMeasurement" time="32.105" errors="0" timestamp="2021-04-19T16:21:05 WAT" skipped="0">
  <testcase classname="com.softalliance.qa.Selenium_gwen.addUnitOfMeasurement" name="kashiar" time="32.105"/>
  <system-out/>
</testsuite> <!-- com.softalliance.qa.Selenium_gwen.addUnitOfMeasurement -->
